<?xml version="1.0" encoding="UTF-8"?>
<coverage generated="1583007450297" clover="3.2.0">
  <project timestamp="1583007450297" name="All files">
    <metrics statements="14" coveredstatements="0" conditionals="0" coveredconditionals="0" methods="8" coveredmethods="0" elements="22" coveredelements="0" complexity="0" loc="14" ncloc="14" packages="1" files="1" classes="1"/>
    <file name="App.js" path="/Users/rilsonoliveira/Desktop/Codigos/AppsReact-Native/Mobile-ecommerce/App.js">
      <metrics statements="14" coveredstatements="0" conditionals="0" coveredconditionals="0" methods="8" coveredmethods="0"/>
      <line num="18" count="0" type="stmt"/>
      <line num="21" count="0" type="stmt"/>
      <line num="22" count="0" type="stmt"/>
      <line num="23" count="0" type="stmt"/>
      <line num="25" count="0" type="stmt"/>
      <line num="39" count="0" type="stmt"/>
      <line num="40" count="0" type="stmt"/>
      <line num="41" count="0" type="stmt"/>
      <line num="42" count="0" type="stmt"/>
      <line num="47" count="0" type="stmt"/>
      <line num="48" count="0" type="stmt"/>
      <line num="75" count="0" type="stmt"/>
      <line num="83" count="0" type="stmt"/>
      <line num="164" count="0" type="stmt"/>
    </file>
  </project>
</coverage>
