{"/Users/rilsonoliveira/Desktop/Codigos/AppsReact-Native/Mobile-ecommerce/App.js": {"path":"/Users/rilsonoliveira/Desktop/Codigos/AppsReact-Native/Mobile-ecommerce/App.js","statementMap":{"0":{"start":{"line":18,"column":23},"end":{"line":18,"column":47}},"1":{"start":{"line":21,"column":28},"end":{"line":21,"column":43}},"2":{"start":{"line":22,"column":28},"end":{"line":22,"column":40}},"3":{"start":{"line":23,"column":28},"end":{"line":23,"column":40}},"4":{"start":{"line":25,"column":2},"end":{"line":44,"column":8}},"5":{"start":{"line":39,"column":4},"end":{"line":43,"column":7}},"6":{"start":{"line":40,"column":15},"end":{"line":40,"column":36}},"7":{"start":{"line":41,"column":5},"end":{"line":41,"column":36}},"8":{"start":{"line":42,"column":5},"end":{"line":42,"column":34}},"9":{"start":{"line":47,"column":15},"end":{"line":47,"column":16}},"10":{"start":{"line":48,"column":4},"end":{"line":48,"column":22}},"11":{"start":{"line":75,"column":4},"end":{"line":75,"column":42}},"12":{"start":{"line":83,"column":2},"end":{"line":161,"column":4}},"13":{"start":{"line":164,"column":15},"end":{"line":236,"column":2}}},"fnMap":{"0":{"name":"App","decl":{"start":{"line":20,"column":24},"end":{"line":20,"column":27}},"loc":{"start":{"line":20,"column":30},"end":{"line":162,"column":1}},"line":20},"1":{"name":"(anonymous_1)","decl":{"start":{"line":25,"column":12},"end":{"line":25,"column":13}},"loc":{"start":{"line":25,"column":16},"end":{"line":44,"column":3}},"line":25},"2":{"name":"(anonymous_2)","decl":{"start":{"line":39,"column":39},"end":{"line":39,"column":40}},"loc":{"start":{"line":39,"column":50},"end":{"line":43,"column":5}},"line":39},"3":{"name":"testei","decl":{"start":{"line":46,"column":11},"end":{"line":46,"column":17}},"loc":{"start":{"line":46,"column":19},"end":{"line":49,"column":3}},"line":46},"4":{"name":"logar","decl":{"start":{"line":73,"column":17},"end":{"line":73,"column":22}},"loc":{"start":{"line":73,"column":25},"end":{"line":82,"column":3}},"line":73},"5":{"name":"(anonymous_5)","decl":{"start":{"line":127,"column":59},"end":{"line":127,"column":60}},"loc":{"start":{"line":127,"column":63},"end":{"line":127,"column":65}},"line":127},"6":{"name":"(anonymous_6)","decl":{"start":{"line":136,"column":59},"end":{"line":136,"column":60}},"loc":{"start":{"line":136,"column":63},"end":{"line":136,"column":65}},"line":136},"7":{"name":"(anonymous_7)","decl":{"start":{"line":146,"column":59},"end":{"line":146,"column":60}},"loc":{"start":{"line":146,"column":63},"end":{"line":146,"column":65}},"line":146}},"branchMap":{},"s":{"0":0,"1":0,"2":0,"3":0,"4":0,"5":0,"6":0,"7":0,"8":0,"9":0,"10":0,"11":0,"12":0,"13":0},"f":{"0":0,"1":0,"2":0,"3":0,"4":0,"5":0,"6":0,"7":0},"b":{},"hash":"2f15d20a0a283bdee7db004ee617f43e28f91c3c"}
}
