TN:
SF:/Users/rilsonoliveira/Desktop/Codigos/AppsReact-Native/Mobile-ecommerce/App.js
FN:20,App
FN:25,(anonymous_1)
FN:39,(anonymous_2)
FN:46,testei
FN:73,logar
FN:127,(anonymous_5)
FN:136,(anonymous_6)
FN:146,(anonymous_7)
FNF:8
FNH:0
FNDA:0,App
FNDA:0,(anonymous_1)
FNDA:0,(anonymous_2)
FNDA:0,testei
FNDA:0,logar
FNDA:0,(anonymous_5)
FNDA:0,(anonymous_6)
FNDA:0,(anonymous_7)
DA:18,0
DA:21,0
DA:22,0
DA:23,0
DA:25,0
DA:39,0
DA:40,0
DA:41,0
DA:42,0
DA:47,0
DA:48,0
DA:75,0
DA:83,0
DA:164,0
LF:14
LH:0
BRF:0
BRH:0
end_of_record
